<?xml version="1.0" encoding="UTF-8"?>
<!-- Generated by org.testng.reporters.JUnitXMLReporter -->
<testsuite hostname="LAPTOP-MEFRD64S" ignored="0" name="HomeAndCarLoan" tests="10" failures="1" timestamp="2019-09-11T18:49:48 EDT" time="0.435" errors="0">
  <testcase name="Demo" time="0.027" classname="test.Day1"/>
  <testcase name="Demo2" time="0.011" classname="test.Day1"/>
  <testcase name="homeLoanForm" time="0.007" classname="test.Homeloan"/>
  <testcase name="homeLoanlogin" time="0.016" classname="test.Homeloan"/>
  <testcase name="homeLoanlogout" time="0.015" classname="test.Homeloan"/>
  <testcase name="carLoanlogout" time="0.019" classname="test.Carloan">
    <failure type="java.lang.AssertionError" message="did not expect to find [true] but found [false]">
      <![CDATA[java.lang.AssertionError: did not expect to find [true] but found [false]
at test.Carloan.carLoanlogout(Carloan.java:28)
at java.util.ArrayList.forEach(Unknown Source)
... Removed 31 stack frames]]>
    </failure>
  </testcase> <!-- carLoanlogout -->
  <testcase name="carLoanlogin" time="0.029" classname="test.Carloan"/>
  <testcase name="carLoanlogin" time="0.006" classname="test.Carloan"/>
  <testcase name="carLoanlogin" time="0.005" classname="test.Carloan"/>
  <testcase name="carLoanForm" time="0.0" classname="test.Carloan">
    <skipped/>
  </testcase> <!-- carLoanForm -->
</testsuite> <!-- HomeAndCarLoan -->
