<?xml version="1.0" encoding="UTF-8"?>
<testng-results skipped="0" failed="1" ignored="0" total="9" passed="8">
  <reporter-output>
  </reporter-output>
  <suite name="Suite" duration-ms="2685" started-at="2019-09-16T07:51:58 EDT" finished-at="2019-09-16T07:52:01 EDT">
    <groups>
      <group name="smoke">
        <method signature="Homeloan.homeloanform()[pri:0, instance:test.Homeloan@6d7b4f4c]" name="homeloanform" class="test.Homeloan"/>
      </group> <!-- smoke -->
      <group name="login">
        <method signature="Homeloan.homeloanlogin()[pri:0, instance:test.Homeloan@6d7b4f4c]" name="homeloanlogin" class="test.Homeloan"/>
      </group> <!-- login -->
    </groups>
    <test name="HomeandCarloan" duration-ms="1702" started-at="2019-09-16T07:51:58 EDT" finished-at="2019-09-16T07:52:00 EDT">
      <class name="test.Homeloan">
        <test-method status="FAIL" signature="homeloanform()[pri:0, instance:test.Homeloan@6d7b4f4c]" name="homeloanform" duration-ms="279" started-at="2019-09-16T07:51:59 EDT" finished-at="2019-09-16T07:51:59 EDT">
          <exception class="java.lang.AssertionError">
            <message>
              <![CDATA[did not expect to find [true] but found [false]]]>
            </message>
            <full-stacktrace>
              <![CDATA[java.lang.AssertionError: did not expect to find [true] but found [false]
at org.testng.Assert.fail(Assert.java:97)
at org.testng.Assert.failNotEquals(Assert.java:969)
at org.testng.Assert.assertTrue(Assert.java:43)
at org.testng.Assert.assertTrue(Assert.java:53)
at test.Homeloan.homeloanform(Homeloan.java:22)
at sun.reflect.NativeMethodAccessorImpl.invoke0(Native Method)
at sun.reflect.NativeMethodAccessorImpl.invoke(Unknown Source)
at sun.reflect.DelegatingMethodAccessorImpl.invoke(Unknown Source)
at java.lang.reflect.Method.invoke(Unknown Source)
at org.testng.internal.MethodInvocationHelper.invokeMethod(MethodInvocationHelper.java:133)
at org.testng.internal.TestInvoker.invokeMethod(TestInvoker.java:584)
at org.testng.internal.TestInvoker.invokeTestMethod(TestInvoker.java:172)
at org.testng.internal.MethodRunner.runInSequence(MethodRunner.java:46)
at org.testng.internal.TestInvoker$MethodInvocationAgent.invoke(TestInvoker.java:804)
at org.testng.internal.TestInvoker.invokeTestMethods(TestInvoker.java:145)
at org.testng.internal.TestMethodWorker.invokeTestMethods(TestMethodWorker.java:146)
at org.testng.internal.TestMethodWorker.run(TestMethodWorker.java:128)
at java.util.ArrayList.forEach(Unknown Source)
at org.testng.TestRunner.privateRun(TestRunner.java:770)
at org.testng.TestRunner.run(TestRunner.java:591)
at org.testng.SuiteRunner.runTest(SuiteRunner.java:402)
at org.testng.SuiteRunner.runSequentially(SuiteRunner.java:396)
at org.testng.SuiteRunner.privateRun(SuiteRunner.java:355)
at org.testng.SuiteRunner.run(SuiteRunner.java:304)
at org.testng.SuiteRunnerWorker.runSuite(SuiteRunnerWorker.java:53)
at org.testng.SuiteRunnerWorker.run(SuiteRunnerWorker.java:96)
at org.testng.TestNG.runSuitesSequentially(TestNG.java:1180)
at org.testng.TestNG.runSuitesLocally(TestNG.java:1102)
at org.testng.TestNG.runSuites(TestNG.java:1032)
at org.testng.TestNG.run(TestNG.java:1000)
at org.testng.remote.AbstractRemoteTestNG.run(AbstractRemoteTestNG.java:115)
at org.testng.remote.RemoteTestNG.initAndRun(RemoteTestNG.java:251)
at org.testng.remote.RemoteTestNG.main(RemoteTestNG.java:77)
]]>
            </full-stacktrace>
          </exception> <!-- java.lang.AssertionError -->
          <reporter-output>
          </reporter-output>
        </test-method> <!-- homeloanform -->
        <test-method status="PASS" signature="homeloanlogin()[pri:0, instance:test.Homeloan@6d7b4f4c]" name="homeloanlogin" duration-ms="48" started-at="2019-09-16T07:51:59 EDT" finished-at="2019-09-16T07:51:59 EDT">
          <reporter-output>
          </reporter-output>
        </test-method> <!-- homeloanlogin -->
        <test-method status="PASS" signature="homeloanlogout()[pri:0, instance:test.Homeloan@6d7b4f4c]" name="homeloanlogout" duration-ms="29" started-at="2019-09-16T07:51:59 EDT" finished-at="2019-09-16T07:51:59 EDT">
          <reporter-output>
          </reporter-output>
        </test-method> <!-- homeloanlogout -->
      </class> <!-- test.Homeloan -->
      <class name="test.Carloan">
        <test-method status="PASS" signature="carloanform()[pri:0, instance:test.Carloan@527740a2]" name="carloanform" duration-ms="46" started-at="2019-09-16T07:51:59 EDT" finished-at="2019-09-16T07:51:59 EDT">
          <reporter-output>
          </reporter-output>
        </test-method> <!-- carloanform -->
        <test-method status="PASS" signature="carloanlogin()[pri:0, instance:test.Carloan@527740a2]" name="carloanlogin" duration-ms="52" started-at="2019-09-16T07:51:59 EDT" finished-at="2019-09-16T07:51:59 EDT">
          <reporter-output>
          </reporter-output>
        </test-method> <!-- carloanlogin -->
        <test-method status="PASS" signature="carloanlogout()[pri:0, instance:test.Carloan@527740a2]" name="carloanlogout" duration-ms="41" started-at="2019-09-16T07:52:00 EDT" finished-at="2019-09-16T07:52:00 EDT">
          <reporter-output>
          </reporter-output>
        </test-method> <!-- carloanlogout -->
      </class> <!-- test.Carloan -->
    </test> <!-- HomeandCarloan -->
    <test name="personalLaon" duration-ms="127" started-at="2019-09-16T07:52:01 EDT" finished-at="2019-09-16T07:52:01 EDT">
      <class name="test.PersonalLoan">
        <test-method status="PASS" signature="personalloanform()[pri:0, instance:test.PersonalLoan@3dd4520b]" name="personalloanform" duration-ms="11" started-at="2019-09-16T07:52:01 EDT" finished-at="2019-09-16T07:52:01 EDT">
          <reporter-output>
          </reporter-output>
        </test-method> <!-- personalloanform -->
        <test-method status="PASS" signature="personalloanlogin()[pri:0, instance:test.PersonalLoan@3dd4520b]" name="personalloanlogin" duration-ms="13" started-at="2019-09-16T07:52:01 EDT" finished-at="2019-09-16T07:52:01 EDT">
          <reporter-output>
          </reporter-output>
        </test-method> <!-- personalloanlogin -->
        <test-method status="PASS" signature="personalloanlogout()[pri:0, instance:test.PersonalLoan@3dd4520b]" name="personalloanlogout" duration-ms="61" started-at="2019-09-16T07:52:01 EDT" finished-at="2019-09-16T07:52:01 EDT">
          <reporter-output>
          </reporter-output>
        </test-method> <!-- personalloanlogout -->
      </class> <!-- test.PersonalLoan -->
    </test> <!-- personalLaon -->
  </suite> <!-- Suite -->
</testng-results>
